<?xml version="1.0" encoding="UTF-8"?>
<!-- Generated by org.testng.reporters.JUnitReportReporter -->
<testsuite skipped="0" hostname="DESKTOP-SSCNS1D" name="com.qa.TestCases.FileUploadTestPage" tests="1" failures="0" timestamp="2021-07-06T18:29:16 IST" time="43.074" errors="0">
  <testcase name="verifyDragandDropFile" time="43.074" classname="com.qa.TestCases.FileUploadTestPage"/>
  <system-out/>
</testsuite> <!-- com.qa.TestCases.FileUploadTestPage -->
