<?xml version="1.0" encoding="UTF-8"?>
<!-- Generated by org.testng.reporters.JUnitReportReporter -->
<testsuite skipped="0" hostname="DESKTOP-SSCNS1D" name="com.qa.TestCases.CommunityTestPage" tests="1" failures="0" timestamp="2021-06-08T18:06:21 IST" time="111.702" errors="0">
  <testcase name="verifySymptomsInPrescriptionFormat" time="111.702" classname="com.qa.TestCases.CommunityTestPage"/>
</testsuite> <!-- com.qa.TestCases.CommunityTestPage -->
