<?xml version="1.0" encoding="UTF-8"?>
<!-- Generated by org.testng.reporters.JUnitReportReporter -->
<testsuite skipped="1" hostname="DESKTOP-SSCNS1D" name="com.qa.TestCases.DronaAddPatientTestPage" tests="2" failures="0" timestamp="2021-06-28T10:03:21 IST" time="97.523" errors="0">
  <testcase name="verifyNewPatientViewInPatientList" time="97.523" classname="com.qa.TestCases.DronaAddPatientTestPage"/>
  <system-out/>
  <testcase name="verifyCreateNewPatient" classname="com.qa.TestCases.DronaAddPatientTestPage">
    <skipped/>
  </testcase> <!-- verifyCreateNewPatient -->
  <system-out/>
</testsuite> <!-- com.qa.TestCases.DronaAddPatientTestPage -->
