<?xml version="1.0" encoding="UTF-8"?>
<!-- Generated by org.testng.reporters.JUnitReportReporter -->
<testsuite skipped="0" hostname="DESKTOP-SSCNS1D" name="com.qa.TestCases.DronaAddClinicTestPage" tests="1" failures="0" timestamp="2021-11-18T16:28:20 IST" time="104.427" errors="0">
  <testcase name="verifyCreateClinicTest" time="104.427" classname="com.qa.TestCases.DronaAddClinicTestPage"/>
  <system-out/>
</testsuite> <!-- com.qa.TestCases.DronaAddClinicTestPage -->
