<?xml version="1.0" encoding="UTF-8"?>
<!-- Generated by org.testng.reporters.JUnitReportReporter -->
<testsuite skipped="2" hostname="DESKTOP-SSCNS1D" name="com.qa.TestCases.QrCodeTestPage" tests="3" failures="0" timestamp="2021-11-08T15:21:33 IST" time="62.455" errors="0">
  <testcase name="verifyRelativePatientCreate" time="62.455" classname="com.qa.TestCases.QrCodeTestPage"/>
  <system-out/>
  <testcase name="verifyPatientLoginFirstTimeTroughQrCode" classname="com.qa.TestCases.QrCodeTestPage">
    <skipped/>
  </testcase> <!-- verifyPatientLoginFirstTimeTroughQrCode -->
  <system-out/>
  <testcase name="verifySelfPatientCreate" classname="com.qa.TestCases.QrCodeTestPage">
    <skipped/>
  </testcase> <!-- verifySelfPatientCreate -->
  <system-out/>
</testsuite> <!-- com.qa.TestCases.QrCodeTestPage -->
