<?xml version="1.0" encoding="UTF-8"?>
<!-- Generated by org.testng.reporters.JUnitReportReporter -->
<testsuite skipped="9" hostname="DESKTOP-SSCNS1D" name="com.qa.TestCases.BookAppointmentTestPage" tests="10" failures="0" timestamp="2021-10-14T18:31:27 IST" time="77.755" errors="0">
  <testcase name="verifyReorderAppointment" time="77.755" classname="com.qa.TestCases.BookAppointmentTestPage"/>
  <system-out/>
  <testcase name="verifyAppointmentBooking" classname="com.qa.TestCases.BookAppointmentTestPage">
    <skipped/>
  </testcase> <!-- verifyAppointmentBooking -->
  <system-out/>
  <testcase name="verifyVirtualAppointmentBooking" classname="com.qa.TestCases.BookAppointmentTestPage">
    <skipped/>
  </testcase> <!-- verifyVirtualAppointmentBooking -->
  <system-out/>
  <testcase name="verifyBookedAppointmentSlot" classname="com.qa.TestCases.BookAppointmentTestPage">
    <skipped/>
  </testcase> <!-- verifyBookedAppointmentSlot -->
  <system-out/>
  <testcase name="verifyRescheduleAppointmentBooking" classname="com.qa.TestCases.BookAppointmentTestPage">
    <skipped/>
  </testcase> <!-- verifyRescheduleAppointmentBooking -->
  <system-out/>
  <testcase name="verifyCancelAppointment" classname="com.qa.TestCases.BookAppointmentTestPage">
    <skipped/>
  </testcase> <!-- verifyCancelAppointment -->
  <system-out/>
  <testcase name="verifyEnableSLotSelectable" classname="com.qa.TestCases.BookAppointmentTestPage">
    <skipped/>
  </testcase> <!-- verifyEnableSLotSelectable -->
  <system-out/>
  <testcase name="verifyWalkinBooking" classname="com.qa.TestCases.BookAppointmentTestPage">
    <skipped/>
  </testcase> <!-- verifyWalkinBooking -->
  <system-out/>
  <testcase name="verifyCheckedInAppointment" classname="com.qa.TestCases.BookAppointmentTestPage">
    <skipped/>
  </testcase> <!-- verifyCheckedInAppointment -->
  <system-out/>
  <testcase name="verifyBookedAppointmentCount" classname="com.qa.TestCases.BookAppointmentTestPage">
    <skipped/>
  </testcase> <!-- verifyBookedAppointmentCount -->
  <system-out/>
</testsuite> <!-- com.qa.TestCases.BookAppointmentTestPage -->
