<?xml version="1.0" encoding="UTF-8"?>
<!-- Generated by org.testng.reporters.JUnitReportReporter -->
<testsuite skipped="6" hostname="DESKTOP-SSCNS1D" name="com.qa.TestCases.DronaLoginTestPage" tests="7" failures="0" timestamp="2021-11-18T13:38:52 IST" time="121.965" errors="0">
  <testcase name="verifyDronaSignUpThroughMobileNoTest" time="121.965" classname="com.qa.TestCases.DronaLoginTestPage"/>
  <system-out/>
  <testcase name="verifyDronaLoginThroughEmailIdTest" classname="com.qa.TestCases.DronaLoginTestPage">
    <skipped/>
  </testcase> <!-- verifyDronaLoginThroughEmailIdTest -->
  <system-out/>
  <testcase name="verifyDronaSignUpThroughEmailIdTest" classname="com.qa.TestCases.DronaLoginTestPage">
    <skipped/>
  </testcase> <!-- verifyDronaSignUpThroughEmailIdTest -->
  <system-out/>
  <testcase name="verifyForgetPasswordResetForMobileNoTest" classname="com.qa.TestCases.DronaLoginTestPage">
    <skipped/>
  </testcase> <!-- verifyForgetPasswordResetForMobileNoTest -->
  <system-out/>
  <testcase name="verifyForgetPasswordResetForEmailIdTest" classname="com.qa.TestCases.DronaLoginTestPage">
    <skipped/>
  </testcase> <!-- verifyForgetPasswordResetForEmailIdTest -->
  <system-out/>
  <testcase name="verifyDronaLogoutTest" classname="com.qa.TestCases.DronaLoginTestPage">
    <skipped/>
  </testcase> <!-- verifyDronaLogoutTest -->
  <system-out/>
  <testcase name="verifyDronaLoginThroughMobileNoTest" classname="com.qa.TestCases.DronaLoginTestPage">
    <skipped/>
  </testcase> <!-- verifyDronaLoginThroughMobileNoTest -->
  <system-out/>
</testsuite> <!-- com.qa.TestCases.DronaLoginTestPage -->
