<?xml version="1.0" encoding="UTF-8"?>
<!-- Generated by org.testng.reporters.JUnitReportReporter -->
<testsuite skipped="0" hostname="DESKTOP-SSCNS1D" name="com.qa.TestCases.PrescriptionFormatTestPage" tests="8" failures="0" timestamp="2021-08-02T23:18:12 IST" time="252.980" errors="0">
  <testcase name="verifySymptomsInPrescriptionFormat" time="41.313" classname="com.qa.TestCases.PrescriptionFormatTestPage"/>
  <system-out/>
  <testcase name="verifyExaminiationFindingInPrescriptionFormat" time="27.066" classname="com.qa.TestCases.PrescriptionFormatTestPage"/>
  <system-out/>
  <testcase name="verifyMedicineInPrescriptionFormat" time="37.494" classname="com.qa.TestCases.PrescriptionFormatTestPage"/>
  <system-out/>
  <testcase name="verifydiagnosisInPrescriptionFormat" time="27.075" classname="com.qa.TestCases.PrescriptionFormatTestPage"/>
  <system-out/>
  <testcase name="verifyInvestigationInPrescriptionFormat" time="26.442" classname="com.qa.TestCases.PrescriptionFormatTestPage"/>
  <system-out/>
  <testcase name="verifyInstructionInPrescriptionFormat" time="27.312" classname="com.qa.TestCases.PrescriptionFormatTestPage"/>
  <system-out/>
  <testcase name="verifyPrescriptionNoteInPrescriptionFormat" time="29.533" classname="com.qa.TestCases.PrescriptionFormatTestPage"/>
  <system-out/>
  <testcase name="verifyPrescriptionDetailsOnReLoginInPrescriptionFormat" time="36.745" classname="com.qa.TestCases.PrescriptionFormatTestPage"/>
  <system-out/>
</testsuite> <!-- com.qa.TestCases.PrescriptionFormatTestPage -->
