<?xml version="1.0" encoding="UTF-8"?>
<!-- Generated by org.testng.reporters.JUnitReportReporter -->
<testsuite skipped="5" hostname="DESKTOP-SSCNS1D" name="com.qa.TestCases.DoctorProfileTestPage" tests="6" failures="0" timestamp="2021-04-19T14:03:28 IST" time="37.995" errors="0">
  <testcase name="verifyAwardAddTest" time="37.995" classname="com.qa.TestCases.DoctorProfileTestPage"/>
  <testcase name="verifyServicesAddTest" classname="com.qa.TestCases.DoctorProfileTestPage">
    <skipped/>
  </testcase> <!-- verifyServicesAddTest -->
  <testcase name="verifySpecializationAddTest" classname="com.qa.TestCases.DoctorProfileTestPage">
    <skipped/>
  </testcase> <!-- verifySpecializationAddTest -->
  <testcase name="verifyAboutInfoTest" classname="com.qa.TestCases.DoctorProfileTestPage">
    <skipped/>
  </testcase> <!-- verifyAboutInfoTest -->
  <testcase name="verifyEducationAddTest" classname="com.qa.TestCases.DoctorProfileTestPage">
    <skipped/>
  </testcase> <!-- verifyEducationAddTest -->
  <testcase name="verifyExperienceAddTest" classname="com.qa.TestCases.DoctorProfileTestPage">
    <skipped/>
  </testcase> <!-- verifyExperienceAddTest -->
</testsuite> <!-- com.qa.TestCases.DoctorProfileTestPage -->
