<?xml version="1.0" encoding="UTF-8"?>
<!-- Generated by org.testng.reporters.JUnitReportReporter -->
<testsuite skipped="0" hostname="DESKTOP-SSCNS1D" name="com.qa.TestCases.DronaAddBankDetailTestPage" tests="1" failures="0" timestamp="2021-04-20T18:21:16 IST" time="77.691" errors="0">
  <testcase name="verifyAddBankDetail" time="77.691" classname="com.qa.TestCases.DronaAddBankDetailTestPage"/>
</testsuite> <!-- com.qa.TestCases.DronaAddBankDetailTestPage -->
